Analysis & Synthesis report for coba_uart
Tue Nov 16 10:42:32 2021
Quartus Prime Version 20.1.1 Build 720 11/11/2020 SJ Lite Edition


---------------------
; Table of Contents ;
---------------------
  1. Legal Notice
  2. Analysis & Synthesis Summary
  3. Analysis & Synthesis Settings
  4. Parallel Compilation
  5. Analysis & Synthesis Source Files Read
  6. Analysis & Synthesis Resource Usage Summary
  7. Analysis & Synthesis Resource Utilization by Entity
  8. Analysis & Synthesis RAM Summary
  9. State Machine - |coba_uart|loopback:loopback_inst1|uart:uart_inst|uart_tx_state
 10. State Machine - |coba_uart|loopback:loopback_inst1|uart:uart_inst|uart_rx_state
 11. General Register Statistics
 12. Inverted Register Statistics
 13. Registers Added for RAM Pass-Through Logic
 14. Multiplexer Restructuring Statistics (Restructuring Performed)
 15. Source assignments for loopback:loopback_inst1|GENERIC_FIFO:receive_buffer|altsyncram:fifo_memory_rtl_0|altsyncram_kqh1:auto_generated
 16. Parameter Settings for User Entity Instance: Top-level Entity: |coba_uart
 17. Parameter Settings for User Entity Instance: loopback:loopback_inst1
 18. Parameter Settings for User Entity Instance: loopback:loopback_inst1|uart:uart_inst
 19. Parameter Settings for User Entity Instance: loopback:loopback_inst1|generic_fifo:receive_buffer
 20. Parameter Settings for Inferred Entity Instance: loopback:loopback_inst1|GENERIC_FIFO:receive_buffer|altsyncram:fifo_memory_rtl_0
 21. altsyncram Parameter Settings by Entity Instance
 22. Port Connectivity Checks: "loopback:loopback_inst1|generic_fifo:receive_buffer"
 23. Post-Synthesis Netlist Statistics for Top Partition
 24. Elapsed Time Per Partition
 25. Analysis & Synthesis Messages



----------------
; Legal Notice ;
----------------
Copyright (C) 2020  Intel Corporation. All rights reserved.
Your use of Intel Corporation's design tools, logic functions 
and other software and tools, and any partner logic 
functions, and any output files from any of the foregoing 
(including device programming or simulation files), and any 
associated documentation or information are expressly subject 
to the terms and conditions of the Intel Program License 
Subscription Agreement, the Intel Quartus Prime License Agreement,
the Intel FPGA IP License Agreement, or other applicable license
agreement, including, without limitation, that your use is for
the sole purpose of programming logic devices manufactured by
Intel and sold by Intel or its authorized distributors.  Please
refer to the applicable agreement for further details, at
https://fpgasoftware.intel.com/eula.



+----------------------------------------------------------------------------------+
; Analysis & Synthesis Summary                                                     ;
+------------------------------------+---------------------------------------------+
; Analysis & Synthesis Status        ; Successful - Tue Nov 16 10:42:32 2021       ;
; Quartus Prime Version              ; 20.1.1 Build 720 11/11/2020 SJ Lite Edition ;
; Revision Name                      ; coba_uart                                   ;
; Top-level Entity Name              ; coba_uart                                   ;
; Family                             ; Cyclone IV E                                ;
; Total logic elements               ; 228                                         ;
;     Total combinational functions  ; 180                                         ;
;     Dedicated logic registers      ; 142                                         ;
; Total registers                    ; 142                                         ;
; Total pins                         ; 4                                           ;
; Total virtual pins                 ; 0                                           ;
; Total memory bits                  ; 8,192                                       ;
; Embedded Multiplier 9-bit elements ; 0                                           ;
; Total PLLs                         ; 0                                           ;
+------------------------------------+---------------------------------------------+


+------------------------------------------------------------------------------------------------------------+
; Analysis & Synthesis Settings                                                                              ;
+------------------------------------------------------------------+--------------------+--------------------+
; Option                                                           ; Setting            ; Default Value      ;
+------------------------------------------------------------------+--------------------+--------------------+
; Device                                                           ; EP4CE6E22C8        ;                    ;
; Top-level entity name                                            ; coba_uart          ; coba_uart          ;
; Family name                                                      ; Cyclone IV E       ; Cyclone V          ;
; Use smart compilation                                            ; Off                ; Off                ;
; Enable parallel Assembler and Timing Analyzer during compilation ; On                 ; On                 ;
; Enable compact report table                                      ; Off                ; Off                ;
; Restructure Multiplexers                                         ; Auto               ; Auto               ;
; Create Debugging Nodes for IP Cores                              ; Off                ; Off                ;
; Preserve fewer node names                                        ; On                 ; On                 ;
; Intel FPGA IP Evaluation Mode                                    ; Enable             ; Enable             ;
; Verilog Version                                                  ; Verilog_2001       ; Verilog_2001       ;
; VHDL Version                                                     ; VHDL_1993          ; VHDL_1993          ;
; State Machine Processing                                         ; Auto               ; Auto               ;
; Safe State Machine                                               ; Off                ; Off                ;
; Extract Verilog State Machines                                   ; On                 ; On                 ;
; Extract VHDL State Machines                                      ; On                 ; On                 ;
; Ignore Verilog initial constructs                                ; Off                ; Off                ;
; Iteration limit for constant Verilog loops                       ; 5000               ; 5000               ;
; Iteration limit for non-constant Verilog loops                   ; 250                ; 250                ;
; Add Pass-Through Logic to Inferred RAMs                          ; On                 ; On                 ;
; Infer RAMs from Raw Logic                                        ; On                 ; On                 ;
; Parallel Synthesis                                               ; On                 ; On                 ;
; DSP Block Balancing                                              ; Auto               ; Auto               ;
; NOT Gate Push-Back                                               ; On                 ; On                 ;
; Power-Up Don't Care                                              ; On                 ; On                 ;
; Remove Redundant Logic Cells                                     ; Off                ; Off                ;
; Remove Duplicate Registers                                       ; On                 ; On                 ;
; Ignore CARRY Buffers                                             ; Off                ; Off                ;
; Ignore CASCADE Buffers                                           ; Off                ; Off                ;
; Ignore GLOBAL Buffers                                            ; Off                ; Off                ;
; Ignore ROW GLOBAL Buffers                                        ; Off                ; Off                ;
; Ignore LCELL Buffers                                             ; Off                ; Off                ;
; Ignore SOFT Buffers                                              ; On                 ; On                 ;
; Limit AHDL Integers to 32 Bits                                   ; Off                ; Off                ;
; Optimization Technique                                           ; Balanced           ; Balanced           ;
; Carry Chain Length                                               ; 70                 ; 70                 ;
; Auto Carry Chains                                                ; On                 ; On                 ;
; Auto Open-Drain Pins                                             ; On                 ; On                 ;
; Perform WYSIWYG Primitive Resynthesis                            ; Off                ; Off                ;
; Auto ROM Replacement                                             ; On                 ; On                 ;
; Auto RAM Replacement                                             ; On                 ; On                 ;
; Auto DSP Block Replacement                                       ; On                 ; On                 ;
; Auto Shift Register Replacement                                  ; Auto               ; Auto               ;
; Allow Shift Register Merging across Hierarchies                  ; Auto               ; Auto               ;
; Auto Clock Enable Replacement                                    ; On                 ; On                 ;
; Strict RAM Replacement                                           ; Off                ; Off                ;
; Allow Synchronous Control Signals                                ; On                 ; On                 ;
; Force Use of Synchronous Clear Signals                           ; Off                ; Off                ;
; Auto RAM Block Balancing                                         ; On                 ; On                 ;
; Auto RAM to Logic Cell Conversion                                ; Off                ; Off                ;
; Auto Resource Sharing                                            ; Off                ; Off                ;
; Allow Any RAM Size For Recognition                               ; Off                ; Off                ;
; Allow Any ROM Size For Recognition                               ; Off                ; Off                ;
; Allow Any Shift Register Size For Recognition                    ; Off                ; Off                ;
; Use LogicLock Constraints during Resource Balancing              ; On                 ; On                 ;
; Ignore translate_off and synthesis_off directives                ; Off                ; Off                ;
; Timing-Driven Synthesis                                          ; On                 ; On                 ;
; Report Parameter Settings                                        ; On                 ; On                 ;
; Report Source Assignments                                        ; On                 ; On                 ;
; Report Connectivity Checks                                       ; On                 ; On                 ;
; Ignore Maximum Fan-Out Assignments                               ; Off                ; Off                ;
; Synchronization Register Chain Length                            ; 2                  ; 2                  ;
; Power Optimization During Synthesis                              ; Normal compilation ; Normal compilation ;
; HDL message level                                                ; Level2             ; Level2             ;
; Suppress Register Optimization Related Messages                  ; Off                ; Off                ;
; Number of Removed Registers Reported in Synthesis Report         ; 5000               ; 5000               ;
; Number of Swept Nodes Reported in Synthesis Report               ; 5000               ; 5000               ;
; Number of Inverted Registers Reported in Synthesis Report        ; 100                ; 100                ;
; Clock MUX Protection                                             ; On                 ; On                 ;
; Auto Gated Clock Conversion                                      ; Off                ; Off                ;
; Block Design Naming                                              ; Auto               ; Auto               ;
; SDC constraint protection                                        ; Off                ; Off                ;
; Synthesis Effort                                                 ; Auto               ; Auto               ;
; Shift Register Replacement - Allow Asynchronous Clear Signal     ; On                 ; On                 ;
; Pre-Mapping Resynthesis Optimization                             ; Off                ; Off                ;
; Analysis & Synthesis Message Level                               ; Medium             ; Medium             ;
; Disable Register Merging Across Hierarchies                      ; Auto               ; Auto               ;
; Resource Aware Inference For Block RAM                           ; On                 ; On                 ;
+------------------------------------------------------------------+--------------------+--------------------+


+------------------------------------------+
; Parallel Compilation                     ;
+----------------------------+-------------+
; Processors                 ; Number      ;
+----------------------------+-------------+
; Number detected on machine ; 2           ;
; Maximum allowed            ; 2           ;
;                            ;             ;
; Average used               ; 1.00        ;
; Maximum used               ; 2           ;
;                            ;             ;
; Usage by Processor         ; % Time Used ;
;     Processor 1            ; 100.0%      ;
;     Processor 2            ;   0.0%      ;
+----------------------------+-------------+


+------------------------------------------------------------------------------------------------------------------------------------------------------------------------------------------------------------------------+
; Analysis & Synthesis Source Files Read                                                                                                                                                                                 ;
+-------------------------------------------------+-----------------+-------------------------------------------------------+----------------------------------------------------------------------------------+---------+
; File Name with User-Entered Path                ; Used in Netlist ; File Type                                             ; File Name with Absolute Path                                                     ; Library ;
+-------------------------------------------------+-----------------+-------------------------------------------------------+----------------------------------------------------------------------------------+---------+
; coba_uart.vhd                                   ; yes             ; User VHDL File                                        ; D:/SourceCode/hardware/coba_uart/coba_uart.vhd                                   ;         ;
; uart.vhd                                        ; yes             ; User VHDL File                                        ; D:/SourceCode/hardware/coba_uart/uart.vhd                                        ;         ;
; loopback.vhd                                    ; yes             ; Auto-Found VHDL File                                  ; D:/SourceCode/hardware/coba_uart/loopback.vhd                                    ;         ;
; generic_fifo.vhd                                ; yes             ; Auto-Found VHDL File                                  ; D:/SourceCode/hardware/coba_uart/generic_fifo.vhd                                ;         ;
; altsyncram.tdf                                  ; yes             ; Megafunction                                          ; c:/intelfpga_lite/20.1/quartus/libraries/megafunctions/altsyncram.tdf            ;         ;
; stratix_ram_block.inc                           ; yes             ; Megafunction                                          ; c:/intelfpga_lite/20.1/quartus/libraries/megafunctions/stratix_ram_block.inc     ;         ;
; lpm_mux.inc                                     ; yes             ; Megafunction                                          ; c:/intelfpga_lite/20.1/quartus/libraries/megafunctions/lpm_mux.inc               ;         ;
; lpm_decode.inc                                  ; yes             ; Megafunction                                          ; c:/intelfpga_lite/20.1/quartus/libraries/megafunctions/lpm_decode.inc            ;         ;
; aglobal201.inc                                  ; yes             ; Megafunction                                          ; c:/intelfpga_lite/20.1/quartus/libraries/megafunctions/aglobal201.inc            ;         ;
; a_rdenreg.inc                                   ; yes             ; Megafunction                                          ; c:/intelfpga_lite/20.1/quartus/libraries/megafunctions/a_rdenreg.inc             ;         ;
; altrom.inc                                      ; yes             ; Megafunction                                          ; c:/intelfpga_lite/20.1/quartus/libraries/megafunctions/altrom.inc                ;         ;
; altram.inc                                      ; yes             ; Megafunction                                          ; c:/intelfpga_lite/20.1/quartus/libraries/megafunctions/altram.inc                ;         ;
; altdpram.inc                                    ; yes             ; Megafunction                                          ; c:/intelfpga_lite/20.1/quartus/libraries/megafunctions/altdpram.inc              ;         ;
; db/altsyncram_kqh1.tdf                          ; yes             ; Auto-Generated Megafunction                           ; D:/SourceCode/hardware/coba_uart/db/altsyncram_kqh1.tdf                          ;         ;
; db/coba_uart.ram0_generic_fifo_50540cb4.hdl.mif ; yes             ; Auto-Generated Auto-Found Memory Initialization File  ; D:/SourceCode/hardware/coba_uart/db/coba_uart.ram0_generic_fifo_50540cb4.hdl.mif ;         ;
+-------------------------------------------------+-----------------+-------------------------------------------------------+----------------------------------------------------------------------------------+---------+


+--------------------------------------------------------------+
; Analysis & Synthesis Resource Usage Summary                  ;
+---------------------------------------------+----------------+
; Resource                                    ; Usage          ;
+---------------------------------------------+----------------+
; Estimated Total logic elements              ; 228            ;
;                                             ;                ;
; Total combinational functions               ; 180            ;
; Logic element usage by number of LUT inputs ;                ;
;     -- 4 input functions                    ; 76             ;
;     -- 3 input functions                    ; 39             ;
;     -- <=2 input functions                  ; 65             ;
;                                             ;                ;
; Logic elements by mode                      ;                ;
;     -- normal mode                          ; 128            ;
;     -- arithmetic mode                      ; 52             ;
;                                             ;                ;
; Total registers                             ; 142            ;
;     -- Dedicated logic registers            ; 142            ;
;     -- I/O registers                        ; 0              ;
;                                             ;                ;
; I/O pins                                    ; 4              ;
; Total memory bits                           ; 8192           ;
;                                             ;                ;
; Embedded Multiplier 9-bit elements          ; 0              ;
;                                             ;                ;
; Maximum fan-out node                        ; clock_y3~input ;
; Maximum fan-out                             ; 150            ;
; Total fan-out                               ; 1116           ;
; Average fan-out                             ; 3.30           ;
+---------------------------------------------+----------------+


+---------------------------------------------------------------------------------------------------------------------------------------------------------------------------------------------------------------------------------------------------------------------------------------------------------------------------------------+
; Analysis & Synthesis Resource Utilization by Entity                                                                                                                                                                                                                                                                                   ;
+----------------------------------------------+---------------------+---------------------------+-------------+--------------+---------+-----------+------+--------------+----------------------------------------------------------------------------------------------------------------------------+-----------------+--------------+
; Compilation Hierarchy Node                   ; Combinational ALUTs ; Dedicated Logic Registers ; Memory Bits ; DSP Elements ; DSP 9x9 ; DSP 18x18 ; Pins ; Virtual Pins ; Full Hierarchy Name                                                                                                        ; Entity Name     ; Library Name ;
+----------------------------------------------+---------------------+---------------------------+-------------+--------------+---------+-----------+------+--------------+----------------------------------------------------------------------------------------------------------------------------+-----------------+--------------+
; |coba_uart                                   ; 180 (1)             ; 142 (5)                   ; 8192        ; 0            ; 0       ; 0         ; 4    ; 0            ; |coba_uart                                                                                                                 ; coba_uart       ; work         ;
;    |loopback:loopback_inst1|                 ; 179 (4)             ; 137 (19)                  ; 8192        ; 0            ; 0       ; 0         ; 0    ; 0            ; |coba_uart|loopback:loopback_inst1                                                                                         ; loopback        ; work         ;
;       |GENERIC_FIFO:receive_buffer|          ; 90 (90)             ; 57 (57)                   ; 8192        ; 0            ; 0       ; 0         ; 0    ; 0            ; |coba_uart|loopback:loopback_inst1|GENERIC_FIFO:receive_buffer                                                             ; GENERIC_FIFO    ; work         ;
;          |altsyncram:fifo_memory_rtl_0|      ; 0 (0)               ; 0 (0)                     ; 8192        ; 0            ; 0       ; 0         ; 0    ; 0            ; |coba_uart|loopback:loopback_inst1|GENERIC_FIFO:receive_buffer|altsyncram:fifo_memory_rtl_0                                ; altsyncram      ; work         ;
;             |altsyncram_kqh1:auto_generated| ; 0 (0)               ; 0 (0)                     ; 8192        ; 0            ; 0       ; 0         ; 0    ; 0            ; |coba_uart|loopback:loopback_inst1|GENERIC_FIFO:receive_buffer|altsyncram:fifo_memory_rtl_0|altsyncram_kqh1:auto_generated ; altsyncram_kqh1 ; work         ;
;       |uart:uart_inst|                       ; 85 (85)             ; 61 (61)                   ; 0           ; 0            ; 0       ; 0         ; 0    ; 0            ; |coba_uart|loopback:loopback_inst1|uart:uart_inst                                                                          ; uart            ; work         ;
+----------------------------------------------+---------------------+---------------------------+-------------+--------------+---------+-----------+------+--------------+----------------------------------------------------------------------------------------------------------------------------+-----------------+--------------+
Note: For table entries with two numbers listed, the numbers in parentheses indicate the number of resources of the given type used by the specific entity alone. The numbers listed outside of parentheses indicate the total resources of the given type used by the specific entity and all of its sub-entities in the hierarchy.


+---------------------------------------------------------------------------------------------------------------------------------------------------------------------------------------------------------------------------------------------------------------------------+
; Analysis & Synthesis RAM Summary                                                                                                                                                                                                                                          ;
+----------------------------------------------------------------------------------------------------------------------------+------+------------------+--------------+--------------+--------------+--------------+------+-------------------------------------------------+
; Name                                                                                                                       ; Type ; Mode             ; Port A Depth ; Port A Width ; Port B Depth ; Port B Width ; Size ; MIF                                             ;
+----------------------------------------------------------------------------------------------------------------------------+------+------------------+--------------+--------------+--------------+--------------+------+-------------------------------------------------+
; loopback:loopback_inst1|GENERIC_FIFO:receive_buffer|altsyncram:fifo_memory_rtl_0|altsyncram_kqh1:auto_generated|ALTSYNCRAM ; AUTO ; Simple Dual Port ; 1024         ; 8            ; 1024         ; 8            ; 8192 ; db/coba_uart.ram0_GENERIC_FIFO_50540cb4.hdl.mif ;
+----------------------------------------------------------------------------------------------------------------------------+------+------------------+--------------+--------------+--------------+--------------+------+-------------------------------------------------+


Encoding Type:  One-Hot
+---------------------------------------------------------------------------------------------------------------------------------+
; State Machine - |coba_uart|loopback:loopback_inst1|uart:uart_inst|uart_tx_state                                                 ;
+---------------------------------+--------------------------------+----------------------------+---------------------------------+
; Name                            ; uart_tx_state.tx_send_stop_bit ; uart_tx_state.tx_send_data ; uart_tx_state.tx_send_start_bit ;
+---------------------------------+--------------------------------+----------------------------+---------------------------------+
; uart_tx_state.tx_send_start_bit ; 0                              ; 0                          ; 0                               ;
; uart_tx_state.tx_send_data      ; 0                              ; 1                          ; 1                               ;
; uart_tx_state.tx_send_stop_bit  ; 1                              ; 0                          ; 1                               ;
+---------------------------------+--------------------------------+----------------------------+---------------------------------+


Encoding Type:  One-Hot
+-----------------------------------------------------------------------------------------------------------------------------+
; State Machine - |coba_uart|loopback:loopback_inst1|uart:uart_inst|uart_rx_state                                             ;
+--------------------------------+-------------------------------+---------------------------+--------------------------------+
; Name                           ; uart_rx_state.rx_get_stop_bit ; uart_rx_state.rx_get_data ; uart_rx_state.rx_get_start_bit ;
+--------------------------------+-------------------------------+---------------------------+--------------------------------+
; uart_rx_state.rx_get_start_bit ; 0                             ; 0                         ; 0                              ;
; uart_rx_state.rx_get_data      ; 0                             ; 1                         ; 1                              ;
; uart_rx_state.rx_get_stop_bit  ; 1                             ; 0                         ; 1                              ;
+--------------------------------+-------------------------------+---------------------------+--------------------------------+


+------------------------------------------------------+
; General Register Statistics                          ;
+----------------------------------------------+-------+
; Statistic                                    ; Value ;
+----------------------------------------------+-------+
; Total registers                              ; 142   ;
; Number of registers using Synchronous Clear  ; 50    ;
; Number of registers using Synchronous Load   ; 0     ;
; Number of registers using Asynchronous Clear ; 0     ;
; Number of registers using Asynchronous Load  ; 0     ;
; Number of registers using Clock Enable       ; 55    ;
; Number of registers using Preset             ; 0     ;
+----------------------------------------------+-------+


+--------------------------------------------------------------------------------------------+
; Inverted Register Statistics                                                               ;
+----------------------------------------------------------------------------------+---------+
; Inverted Register                                                                ; Fan out ;
+----------------------------------------------------------------------------------+---------+
; loopback:loopback_inst1|uart:uart_inst|uart_tx_data                              ; 2       ;
; loopback:loopback_inst1|GENERIC_FIFO:receive_buffer|fifo_memory_rtl_0_bypass[22] ; 1       ;
; loopback:loopback_inst1|GENERIC_FIFO:receive_buffer|fifo_memory_rtl_0_bypass[24] ; 1       ;
; loopback:loopback_inst1|uart:uart_inst|uart_rx_bit                               ; 4       ;
; loopback:loopback_inst1|GENERIC_FIFO:receive_buffer|fifo_memory_rtl_0_bypass[26] ; 1       ;
; loopback:loopback_inst1|uart:uart_inst|uart_rx_filter[0]                         ; 3       ;
; loopback:loopback_inst1|uart:uart_inst|uart_rx_filter[1]                         ; 3       ;
; loopback:loopback_inst1|GENERIC_FIFO:receive_buffer|fifo_memory_rtl_0_bypass[28] ; 1       ;
; loopback:loopback_inst1|uart:uart_inst|uart_rx_data_sr[1]                        ; 2       ;
; loopback:loopback_inst1|GENERIC_FIFO:receive_buffer|fifo_memory_rtl_0_bypass[30] ; 1       ;
; loopback:loopback_inst1|uart:uart_inst|uart_rx_data_sr[0]                        ; 1       ;
; loopback:loopback_inst1|GENERIC_FIFO:receive_buffer|fifo_memory_rtl_0_bypass[32] ; 1       ;
; loopback:loopback_inst1|GENERIC_FIFO:receive_buffer|fifo_memory_rtl_0_bypass[34] ; 1       ;
; loopback:loopback_inst1|GENERIC_FIFO:receive_buffer|fifo_memory_rtl_0_bypass[36] ; 1       ;
; Total number of inverted registers = 14                                          ;         ;
+----------------------------------------------------------------------------------+---------+


+----------------------------------------------------------------------------------------------------------------------------------------------------------+
; Registers Added for RAM Pass-Through Logic                                                                                                               ;
+----------------------------------------------------------------------------------+-----------------------------------------------------------------------+
; Register Name                                                                    ; RAM Name                                                              ;
+----------------------------------------------------------------------------------+-----------------------------------------------------------------------+
; loopback:loopback_inst1|GENERIC_FIFO:receive_buffer|fifo_memory_rtl_0_bypass[0]  ; loopback:loopback_inst1|GENERIC_FIFO:receive_buffer|fifo_memory_rtl_0 ;
; loopback:loopback_inst1|GENERIC_FIFO:receive_buffer|fifo_memory_rtl_0_bypass[1]  ; loopback:loopback_inst1|GENERIC_FIFO:receive_buffer|fifo_memory_rtl_0 ;
; loopback:loopback_inst1|GENERIC_FIFO:receive_buffer|fifo_memory_rtl_0_bypass[2]  ; loopback:loopback_inst1|GENERIC_FIFO:receive_buffer|fifo_memory_rtl_0 ;
; loopback:loopback_inst1|GENERIC_FIFO:receive_buffer|fifo_memory_rtl_0_bypass[3]  ; loopback:loopback_inst1|GENERIC_FIFO:receive_buffer|fifo_memory_rtl_0 ;
; loopback:loopback_inst1|GENERIC_FIFO:receive_buffer|fifo_memory_rtl_0_bypass[4]  ; loopback:loopback_inst1|GENERIC_FIFO:receive_buffer|fifo_memory_rtl_0 ;
; loopback:loopback_inst1|GENERIC_FIFO:receive_buffer|fifo_memory_rtl_0_bypass[5]  ; loopback:loopback_inst1|GENERIC_FIFO:receive_buffer|fifo_memory_rtl_0 ;
; loopback:loopback_inst1|GENERIC_FIFO:receive_buffer|fifo_memory_rtl_0_bypass[6]  ; loopback:loopback_inst1|GENERIC_FIFO:receive_buffer|fifo_memory_rtl_0 ;
; loopback:loopback_inst1|GENERIC_FIFO:receive_buffer|fifo_memory_rtl_0_bypass[7]  ; loopback:loopback_inst1|GENERIC_FIFO:receive_buffer|fifo_memory_rtl_0 ;
; loopback:loopback_inst1|GENERIC_FIFO:receive_buffer|fifo_memory_rtl_0_bypass[8]  ; loopback:loopback_inst1|GENERIC_FIFO:receive_buffer|fifo_memory_rtl_0 ;
; loopback:loopback_inst1|GENERIC_FIFO:receive_buffer|fifo_memory_rtl_0_bypass[9]  ; loopback:loopback_inst1|GENERIC_FIFO:receive_buffer|fifo_memory_rtl_0 ;
; loopback:loopback_inst1|GENERIC_FIFO:receive_buffer|fifo_memory_rtl_0_bypass[10] ; loopback:loopback_inst1|GENERIC_FIFO:receive_buffer|fifo_memory_rtl_0 ;
; loopback:loopback_inst1|GENERIC_FIFO:receive_buffer|fifo_memory_rtl_0_bypass[11] ; loopback:loopback_inst1|GENERIC_FIFO:receive_buffer|fifo_memory_rtl_0 ;
; loopback:loopback_inst1|GENERIC_FIFO:receive_buffer|fifo_memory_rtl_0_bypass[12] ; loopback:loopback_inst1|GENERIC_FIFO:receive_buffer|fifo_memory_rtl_0 ;
; loopback:loopback_inst1|GENERIC_FIFO:receive_buffer|fifo_memory_rtl_0_bypass[13] ; loopback:loopback_inst1|GENERIC_FIFO:receive_buffer|fifo_memory_rtl_0 ;
; loopback:loopback_inst1|GENERIC_FIFO:receive_buffer|fifo_memory_rtl_0_bypass[14] ; loopback:loopback_inst1|GENERIC_FIFO:receive_buffer|fifo_memory_rtl_0 ;
; loopback:loopback_inst1|GENERIC_FIFO:receive_buffer|fifo_memory_rtl_0_bypass[15] ; loopback:loopback_inst1|GENERIC_FIFO:receive_buffer|fifo_memory_rtl_0 ;
; loopback:loopback_inst1|GENERIC_FIFO:receive_buffer|fifo_memory_rtl_0_bypass[16] ; loopback:loopback_inst1|GENERIC_FIFO:receive_buffer|fifo_memory_rtl_0 ;
; loopback:loopback_inst1|GENERIC_FIFO:receive_buffer|fifo_memory_rtl_0_bypass[17] ; loopback:loopback_inst1|GENERIC_FIFO:receive_buffer|fifo_memory_rtl_0 ;
; loopback:loopback_inst1|GENERIC_FIFO:receive_buffer|fifo_memory_rtl_0_bypass[18] ; loopback:loopback_inst1|GENERIC_FIFO:receive_buffer|fifo_memory_rtl_0 ;
; loopback:loopback_inst1|GENERIC_FIFO:receive_buffer|fifo_memory_rtl_0_bypass[19] ; loopback:loopback_inst1|GENERIC_FIFO:receive_buffer|fifo_memory_rtl_0 ;
; loopback:loopback_inst1|GENERIC_FIFO:receive_buffer|fifo_memory_rtl_0_bypass[20] ; loopback:loopback_inst1|GENERIC_FIFO:receive_buffer|fifo_memory_rtl_0 ;
; loopback:loopback_inst1|GENERIC_FIFO:receive_buffer|fifo_memory_rtl_0_bypass[21] ; loopback:loopback_inst1|GENERIC_FIFO:receive_buffer|fifo_memory_rtl_0 ;
; loopback:loopback_inst1|GENERIC_FIFO:receive_buffer|fifo_memory_rtl_0_bypass[22] ; loopback:loopback_inst1|GENERIC_FIFO:receive_buffer|fifo_memory_rtl_0 ;
; loopback:loopback_inst1|GENERIC_FIFO:receive_buffer|fifo_memory_rtl_0_bypass[23] ; loopback:loopback_inst1|GENERIC_FIFO:receive_buffer|fifo_memory_rtl_0 ;
; loopback:loopback_inst1|GENERIC_FIFO:receive_buffer|fifo_memory_rtl_0_bypass[24] ; loopback:loopback_inst1|GENERIC_FIFO:receive_buffer|fifo_memory_rtl_0 ;
; loopback:loopback_inst1|GENERIC_FIFO:receive_buffer|fifo_memory_rtl_0_bypass[25] ; loopback:loopback_inst1|GENERIC_FIFO:receive_buffer|fifo_memory_rtl_0 ;
; loopback:loopback_inst1|GENERIC_FIFO:receive_buffer|fifo_memory_rtl_0_bypass[26] ; loopback:loopback_inst1|GENERIC_FIFO:receive_buffer|fifo_memory_rtl_0 ;
; loopback:loopback_inst1|GENERIC_FIFO:receive_buffer|fifo_memory_rtl_0_bypass[27] ; loopback:loopback_inst1|GENERIC_FIFO:receive_buffer|fifo_memory_rtl_0 ;
; loopback:loopback_inst1|GENERIC_FIFO:receive_buffer|fifo_memory_rtl_0_bypass[28] ; loopback:loopback_inst1|GENERIC_FIFO:receive_buffer|fifo_memory_rtl_0 ;
; loopback:loopback_inst1|GENERIC_FIFO:receive_buffer|fifo_memory_rtl_0_bypass[29] ; loopback:loopback_inst1|GENERIC_FIFO:receive_buffer|fifo_memory_rtl_0 ;
; loopback:loopback_inst1|GENERIC_FIFO:receive_buffer|fifo_memory_rtl_0_bypass[30] ; loopback:loopback_inst1|GENERIC_FIFO:receive_buffer|fifo_memory_rtl_0 ;
; loopback:loopback_inst1|GENERIC_FIFO:receive_buffer|fifo_memory_rtl_0_bypass[31] ; loopback:loopback_inst1|GENERIC_FIFO:receive_buffer|fifo_memory_rtl_0 ;
; loopback:loopback_inst1|GENERIC_FIFO:receive_buffer|fifo_memory_rtl_0_bypass[32] ; loopback:loopback_inst1|GENERIC_FIFO:receive_buffer|fifo_memory_rtl_0 ;
; loopback:loopback_inst1|GENERIC_FIFO:receive_buffer|fifo_memory_rtl_0_bypass[33] ; loopback:loopback_inst1|GENERIC_FIFO:receive_buffer|fifo_memory_rtl_0 ;
; loopback:loopback_inst1|GENERIC_FIFO:receive_buffer|fifo_memory_rtl_0_bypass[34] ; loopback:loopback_inst1|GENERIC_FIFO:receive_buffer|fifo_memory_rtl_0 ;
; loopback:loopback_inst1|GENERIC_FIFO:receive_buffer|fifo_memory_rtl_0_bypass[35] ; loopback:loopback_inst1|GENERIC_FIFO:receive_buffer|fifo_memory_rtl_0 ;
; loopback:loopback_inst1|GENERIC_FIFO:receive_buffer|fifo_memory_rtl_0_bypass[36] ; loopback:loopback_inst1|GENERIC_FIFO:receive_buffer|fifo_memory_rtl_0 ;
+----------------------------------------------------------------------------------+-----------------------------------------------------------------------+


+-----------------------------------------------------------------------------------------------------------------------------------------------------------------------------------------------+
; Multiplexer Restructuring Statistics (Restructuring Performed)                                                                                                                                ;
+--------------------+-----------+---------------+----------------------+------------------------+------------+---------------------------------------------------------------------------------+
; Multiplexer Inputs ; Bus Width ; Baseline Area ; Area if Restructured ; Saving if Restructured ; Registered ; Example Multiplexer Output                                                      ;
+--------------------+-----------+---------------+----------------------+------------------------+------------+---------------------------------------------------------------------------------+
; 3:1                ; 11 bits   ; 22 LEs        ; 11 LEs               ; 11 LEs                 ; Yes        ; |coba_uart|loopback:loopback_inst1|uart:uart_inst|tx_baud_counter[3]            ;
; 3:1                ; 7 bits    ; 14 LEs        ; 7 LEs                ; 7 LEs                  ; Yes        ; |coba_uart|loopback:loopback_inst1|uart:uart_inst|rx_baud_counter[6]            ;
; 3:1                ; 8 bits    ; 16 LEs        ; 8 LEs                ; 8 LEs                  ; Yes        ; |coba_uart|loopback:loopback_inst1|uart:uart_inst|uart_rx_data_vec[4]           ;
; 3:1                ; 4 bits    ; 8 LEs         ; 4 LEs                ; 4 LEs                  ; Yes        ; |coba_uart|loopback:loopback_inst1|uart:uart_inst|uart_rx_bit_spacing[0]        ;
; 4:1                ; 3 bits    ; 6 LEs         ; 3 LEs                ; 3 LEs                  ; Yes        ; |coba_uart|loopback:loopback_inst1|uart:uart_inst|uart_rx_count[2]              ;
; 4:1                ; 10 bits   ; 20 LEs        ; 10 LEs               ; 10 LEs                 ; Yes        ; |coba_uart|loopback:loopback_inst1|GENERIC_FIFO:receive_buffer|write_pointer[0] ;
; 6:1                ; 7 bits    ; 28 LEs        ; 14 LEs               ; 14 LEs                 ; Yes        ; |coba_uart|loopback:loopback_inst1|uart:uart_inst|uart_tx_data_vec[3]           ;
; 7:1                ; 3 bits    ; 12 LEs        ; 3 LEs                ; 9 LEs                  ; Yes        ; |coba_uart|loopback:loopback_inst1|uart:uart_inst|uart_tx_count[1]              ;
; 3:1                ; 2 bits    ; 4 LEs         ; 2 LEs                ; 2 LEs                  ; Yes        ; |coba_uart|loopback:loopback_inst1|uart:uart_inst|uart_rx_data_sr[0]            ;
; 3:1                ; 10 bits   ; 20 LEs        ; 10 LEs               ; 10 LEs                 ; No         ; |coba_uart|loopback:loopback_inst1|GENERIC_FIFO:receive_buffer|level[0]         ;
; 4:1                ; 10 bits   ; 20 LEs        ; 20 LEs               ; 0 LEs                  ; No         ; |coba_uart|loopback:loopback_inst1|GENERIC_FIFO:receive_buffer|read_pointer     ;
; 7:1                ; 3 bits    ; 12 LEs        ; 9 LEs                ; 3 LEs                  ; No         ; |coba_uart|loopback:loopback_inst1|uart:uart_inst|uart_tx_state                 ;
; 7:1                ; 3 bits    ; 12 LEs        ; 9 LEs                ; 3 LEs                  ; No         ; |coba_uart|loopback:loopback_inst1|uart:uart_inst|uart_rx_state                 ;
+--------------------+-----------+---------------+----------------------+------------------------+------------+---------------------------------------------------------------------------------+


+----------------------------------------------------------------------------------------------------------------------------------------+
; Source assignments for loopback:loopback_inst1|GENERIC_FIFO:receive_buffer|altsyncram:fifo_memory_rtl_0|altsyncram_kqh1:auto_generated ;
+---------------------------------+--------------------+------+--------------------------------------------------------------------------+
; Assignment                      ; Value              ; From ; To                                                                       ;
+---------------------------------+--------------------+------+--------------------------------------------------------------------------+
; OPTIMIZE_POWER_DURING_SYNTHESIS ; NORMAL_COMPILATION ; -    ; -                                                                        ;
+---------------------------------+--------------------+------+--------------------------------------------------------------------------+


+---------------------------------------------------------------------------+
; Parameter Settings for User Entity Instance: Top-level Entity: |coba_uart ;
+-----------------+----------+----------------------------------------------+
; Parameter Name  ; Value    ; Type                                         ;
+-----------------+----------+----------------------------------------------+
; baud            ; 9600     ; Signed Integer                               ;
; clock_frequency ; 10000000 ; Signed Integer                               ;
+-----------------+----------+----------------------------------------------+
Note: In order to hide this table in the UI and the text report file, please set the "Show Parameter Settings in Synthesis Report" option in "Analysis and Synthesis Settings -> More Settings" to "Off".


+----------------------------------------------------------------------+
; Parameter Settings for User Entity Instance: loopback:loopback_inst1 ;
+-----------------+----------+-----------------------------------------+
; Parameter Name  ; Value    ; Type                                    ;
+-----------------+----------+-----------------------------------------+
; baud            ; 9600     ; Signed Integer                          ;
; clock_frequency ; 10000000 ; Signed Integer                          ;
+-----------------+----------+-----------------------------------------+
Note: In order to hide this table in the UI and the text report file, please set the "Show Parameter Settings in Synthesis Report" option in "Analysis and Synthesis Settings -> More Settings" to "Off".


+-------------------------------------------------------------------------------------+
; Parameter Settings for User Entity Instance: loopback:loopback_inst1|uart:uart_inst ;
+-----------------+----------+--------------------------------------------------------+
; Parameter Name  ; Value    ; Type                                                   ;
+-----------------+----------+--------------------------------------------------------+
; baud            ; 9600     ; Signed Integer                                         ;
; clock_frequency ; 10000000 ; Signed Integer                                         ;
+-----------------+----------+--------------------------------------------------------+
Note: In order to hide this table in the UI and the text report file, please set the "Show Parameter Settings in Synthesis Report" option in "Analysis and Synthesis Settings -> More Settings" to "Off".


+--------------------------------------------------------------------------------------------------+
; Parameter Settings for User Entity Instance: loopback:loopback_inst1|generic_fifo:receive_buffer ;
+----------------+-------+-------------------------------------------------------------------------+
; Parameter Name ; Value ; Type                                                                    ;
+----------------+-------+-------------------------------------------------------------------------+
; fifo_width     ; 8     ; Signed Integer                                                          ;
; fifo_depth     ; 1024  ; Signed Integer                                                          ;
+----------------+-------+-------------------------------------------------------------------------+
Note: In order to hide this table in the UI and the text report file, please set the "Show Parameter Settings in Synthesis Report" option in "Analysis and Synthesis Settings -> More Settings" to "Off".


+-----------------------------------------------------------------------------------------------------------------------------------+
; Parameter Settings for Inferred Entity Instance: loopback:loopback_inst1|GENERIC_FIFO:receive_buffer|altsyncram:fifo_memory_rtl_0 ;
+------------------------------------+-------------------------------------------------+--------------------------------------------+
; Parameter Name                     ; Value                                           ; Type                                       ;
+------------------------------------+-------------------------------------------------+--------------------------------------------+
; BYTE_SIZE_BLOCK                    ; 8                                               ; Untyped                                    ;
; AUTO_CARRY_CHAINS                  ; ON                                              ; AUTO_CARRY                                 ;
; IGNORE_CARRY_BUFFERS               ; OFF                                             ; IGNORE_CARRY                               ;
; AUTO_CASCADE_CHAINS                ; ON                                              ; AUTO_CASCADE                               ;
; IGNORE_CASCADE_BUFFERS             ; OFF                                             ; IGNORE_CASCADE                             ;
; WIDTH_BYTEENA                      ; 1                                               ; Untyped                                    ;
; OPERATION_MODE                     ; DUAL_PORT                                       ; Untyped                                    ;
; WIDTH_A                            ; 8                                               ; Untyped                                    ;
; WIDTHAD_A                          ; 10                                              ; Untyped                                    ;
; NUMWORDS_A                         ; 1024                                            ; Untyped                                    ;
; OUTDATA_REG_A                      ; UNREGISTERED                                    ; Untyped                                    ;
; ADDRESS_ACLR_A                     ; NONE                                            ; Untyped                                    ;
; OUTDATA_ACLR_A                     ; NONE                                            ; Untyped                                    ;
; WRCONTROL_ACLR_A                   ; NONE                                            ; Untyped                                    ;
; INDATA_ACLR_A                      ; NONE                                            ; Untyped                                    ;
; BYTEENA_ACLR_A                     ; NONE                                            ; Untyped                                    ;
; WIDTH_B                            ; 8                                               ; Untyped                                    ;
; WIDTHAD_B                          ; 10                                              ; Untyped                                    ;
; NUMWORDS_B                         ; 1024                                            ; Untyped                                    ;
; INDATA_REG_B                       ; CLOCK1                                          ; Untyped                                    ;
; WRCONTROL_WRADDRESS_REG_B          ; CLOCK1                                          ; Untyped                                    ;
; RDCONTROL_REG_B                    ; CLOCK1                                          ; Untyped                                    ;
; ADDRESS_REG_B                      ; CLOCK0                                          ; Untyped                                    ;
; OUTDATA_REG_B                      ; UNREGISTERED                                    ; Untyped                                    ;
; BYTEENA_REG_B                      ; CLOCK1                                          ; Untyped                                    ;
; INDATA_ACLR_B                      ; NONE                                            ; Untyped                                    ;
; WRCONTROL_ACLR_B                   ; NONE                                            ; Untyped                                    ;
; ADDRESS_ACLR_B                     ; NONE                                            ; Untyped                                    ;
; OUTDATA_ACLR_B                     ; NONE                                            ; Untyped                                    ;
; RDCONTROL_ACLR_B                   ; NONE                                            ; Untyped                                    ;
; BYTEENA_ACLR_B                     ; NONE                                            ; Untyped                                    ;
; WIDTH_BYTEENA_A                    ; 1                                               ; Untyped                                    ;
; WIDTH_BYTEENA_B                    ; 1                                               ; Untyped                                    ;
; RAM_BLOCK_TYPE                     ; AUTO                                            ; Untyped                                    ;
; BYTE_SIZE                          ; 8                                               ; Untyped                                    ;
; READ_DURING_WRITE_MODE_MIXED_PORTS ; DONT_CARE                                       ; Untyped                                    ;
; READ_DURING_WRITE_MODE_PORT_A      ; NEW_DATA_NO_NBE_READ                            ; Untyped                                    ;
; READ_DURING_WRITE_MODE_PORT_B      ; NEW_DATA_NO_NBE_READ                            ; Untyped                                    ;
; INIT_FILE                          ; db/coba_uart.ram0_GENERIC_FIFO_50540cb4.hdl.mif ; Untyped                                    ;
; INIT_FILE_LAYOUT                   ; PORT_A                                          ; Untyped                                    ;
; MAXIMUM_DEPTH                      ; 0                                               ; Untyped                                    ;
; CLOCK_ENABLE_INPUT_A               ; NORMAL                                          ; Untyped                                    ;
; CLOCK_ENABLE_INPUT_B               ; NORMAL                                          ; Untyped                                    ;
; CLOCK_ENABLE_OUTPUT_A              ; NORMAL                                          ; Untyped                                    ;
; CLOCK_ENABLE_OUTPUT_B              ; NORMAL                                          ; Untyped                                    ;
; CLOCK_ENABLE_CORE_A                ; USE_INPUT_CLKEN                                 ; Untyped                                    ;
; CLOCK_ENABLE_CORE_B                ; USE_INPUT_CLKEN                                 ; Untyped                                    ;
; ENABLE_ECC                         ; FALSE                                           ; Untyped                                    ;
; ECC_PIPELINE_STAGE_ENABLED         ; FALSE                                           ; Untyped                                    ;
; WIDTH_ECCSTATUS                    ; 3                                               ; Untyped                                    ;
; DEVICE_FAMILY                      ; Cyclone IV E                                    ; Untyped                                    ;
; CBXI_PARAMETER                     ; altsyncram_kqh1                                 ; Untyped                                    ;
+------------------------------------+-------------------------------------------------+--------------------------------------------+
Note: In order to hide this table in the UI and the text report file, please set the "Show Parameter Settings in Synthesis Report" option in "Analysis and Synthesis Settings -> More Settings" to "Off".


+------------------------------------------------------------------------------------------------------------------------------+
; altsyncram Parameter Settings by Entity Instance                                                                             ;
+-------------------------------------------+----------------------------------------------------------------------------------+
; Name                                      ; Value                                                                            ;
+-------------------------------------------+----------------------------------------------------------------------------------+
; Number of entity instances                ; 1                                                                                ;
; Entity Instance                           ; loopback:loopback_inst1|GENERIC_FIFO:receive_buffer|altsyncram:fifo_memory_rtl_0 ;
;     -- OPERATION_MODE                     ; DUAL_PORT                                                                        ;
;     -- WIDTH_A                            ; 8                                                                                ;
;     -- NUMWORDS_A                         ; 1024                                                                             ;
;     -- OUTDATA_REG_A                      ; UNREGISTERED                                                                     ;
;     -- WIDTH_B                            ; 8                                                                                ;
;     -- NUMWORDS_B                         ; 1024                                                                             ;
;     -- ADDRESS_REG_B                      ; CLOCK0                                                                           ;
;     -- OUTDATA_REG_B                      ; UNREGISTERED                                                                     ;
;     -- RAM_BLOCK_TYPE                     ; AUTO                                                                             ;
;     -- READ_DURING_WRITE_MODE_MIXED_PORTS ; DONT_CARE                                                                        ;
+-------------------------------------------+----------------------------------------------------------------------------------+


+-----------------------------------------------------------------------------------------------------------------+
; Port Connectivity Checks: "loopback:loopback_inst1|generic_fifo:receive_buffer"                                 ;
+-------+--------+----------+-------------------------------------------------------------------------------------+
; Port  ; Type   ; Severity ; Details                                                                             ;
+-------+--------+----------+-------------------------------------------------------------------------------------+
; level ; Output ; Info     ; Connected to dangling logic. Logic that only feeds a dangling port will be removed. ;
+-------+--------+----------+-------------------------------------------------------------------------------------+


+-----------------------------------------------------+
; Post-Synthesis Netlist Statistics for Top Partition ;
+-----------------------+-----------------------------+
; Type                  ; Count                       ;
+-----------------------+-----------------------------+
; boundary_port         ; 4                           ;
; cycloneiii_ff         ; 142                         ;
;     ENA               ; 28                          ;
;     ENA SCLR          ; 27                          ;
;     SCLR              ; 23                          ;
;     plain             ; 64                          ;
; cycloneiii_lcell_comb ; 180                         ;
;     arith             ; 52                          ;
;         2 data inputs ; 34                          ;
;         3 data inputs ; 18                          ;
;     normal            ; 128                         ;
;         1 data inputs ; 5                           ;
;         2 data inputs ; 26                          ;
;         3 data inputs ; 21                          ;
;         4 data inputs ; 76                          ;
; cycloneiii_ram_block  ; 8                           ;
;                       ;                             ;
; Max LUT depth         ; 5.70                        ;
; Average LUT depth     ; 2.73                        ;
+-----------------------+-----------------------------+


+-------------------------------+
; Elapsed Time Per Partition    ;
+----------------+--------------+
; Partition Name ; Elapsed Time ;
+----------------+--------------+
; Top            ; 00:00:05     ;
+----------------+--------------+


+-------------------------------+
; Analysis & Synthesis Messages ;
+-------------------------------+
Info: *******************************************************************
Info: Running Quartus Prime Analysis & Synthesis
    Info: Version 20.1.1 Build 720 11/11/2020 SJ Lite Edition
    Info: Processing started: Tue Nov 16 10:41:43 2021
Info: Command: quartus_map --read_settings_files=on --write_settings_files=off coba_uart -c coba_uart
Warning (18236): Number of processors has not been specified which may cause overloading on shared machines.  Set the global assignment NUM_PARALLEL_PROCESSORS in your QSF to an appropriate value for best performance.
Info (20030): Parallel compilation is enabled and will use 2 of the 2 processors detected
Info (12021): Found 2 design units, including 1 entities, in source file coba_uart.vhd
    Info (12022): Found design unit 1: coba_uart-rtl File: D:/SourceCode/hardware/coba_uart/coba_uart.vhd Line: 22
    Info (12023): Found entity 1: coba_uart File: D:/SourceCode/hardware/coba_uart/coba_uart.vhd Line: 9
Info (12021): Found 2 design units, including 1 entities, in source file uart.vhd
    Info (12022): Found design unit 1: uart-rtl File: D:/SourceCode/hardware/coba_uart/uart.vhd Line: 50
    Info (12023): Found entity 1: uart File: D:/SourceCode/hardware/coba_uart/uart.vhd Line: 32
Warning (12019): Can't analyze file -- file uart_debouncer.vhd is missing
Warning (12019): Can't analyze file -- file uart_parity.vhd is missing
Warning (12019): Can't analyze file -- file uart_rx.vhd is missing
Warning (12019): Can't analyze file -- file uart_tx.vhd is missing
Info (12127): Elaborating entity "coba_uart" for the top level hierarchy
Warning (12125): Using design file loopback.vhd, which is not specified as a design file for the current project, but contains definitions for 2 design units and 1 entities in project
    Info (12022): Found design unit 1: loopback-rtl File: D:/SourceCode/hardware/coba_uart/loopback.vhd Line: 23
    Info (12023): Found entity 1: loopback File: D:/SourceCode/hardware/coba_uart/loopback.vhd Line: 10
Info (12128): Elaborating entity "loopback" for hierarchy "loopback:loopback_inst1" File: D:/SourceCode/hardware/coba_uart/coba_uart.vhd Line: 40
Info (12128): Elaborating entity "uart" for hierarchy "loopback:loopback_inst1|uart:uart_inst" File: D:/SourceCode/hardware/coba_uart/loopback.vhd Line: 84
Warning (12125): Using design file generic_fifo.vhd, which is not specified as a design file for the current project, but contains definitions for 2 design units and 1 entities in project
    Info (12022): Found design unit 1: GENERIC_FIFO-RTL File: D:/SourceCode/hardware/coba_uart/generic_fifo.vhd Line: 26
    Info (12023): Found entity 1: GENERIC_FIFO File: D:/SourceCode/hardware/coba_uart/generic_fifo.vhd Line: 6
Info (12128): Elaborating entity "generic_fifo" for hierarchy "loopback:loopback_inst1|generic_fifo:receive_buffer" File: D:/SourceCode/hardware/coba_uart/loopback.vhd Line: 104
Warning (276020): Inferred RAM node "loopback:loopback_inst1|GENERIC_FIFO:receive_buffer|fifo_memory_rtl_0" from synchronous design logic.  Pass-through logic has been added to match the read-during-write behavior of the original design.
Info (19000): Inferred 1 megafunctions from design logic
    Info (276029): Inferred altsyncram megafunction from the following design logic: "loopback:loopback_inst1|GENERIC_FIFO:receive_buffer|fifo_memory_rtl_0" 
        Info (286033): Parameter OPERATION_MODE set to DUAL_PORT
        Info (286033): Parameter WIDTH_A set to 8
        Info (286033): Parameter WIDTHAD_A set to 10
        Info (286033): Parameter NUMWORDS_A set to 1024
        Info (286033): Parameter WIDTH_B set to 8
        Info (286033): Parameter WIDTHAD_B set to 10
        Info (286033): Parameter NUMWORDS_B set to 1024
        Info (286033): Parameter ADDRESS_ACLR_A set to NONE
        Info (286033): Parameter OUTDATA_REG_B set to UNREGISTERED
        Info (286033): Parameter ADDRESS_ACLR_B set to NONE
        Info (286033): Parameter OUTDATA_ACLR_B set to NONE
        Info (286033): Parameter ADDRESS_REG_B set to CLOCK0
        Info (286033): Parameter INDATA_ACLR_A set to NONE
        Info (286033): Parameter WRCONTROL_ACLR_A set to NONE
        Info (286033): Parameter INIT_FILE set to db/coba_uart.ram0_GENERIC_FIFO_50540cb4.hdl.mif
Info (12130): Elaborated megafunction instantiation "loopback:loopback_inst1|GENERIC_FIFO:receive_buffer|altsyncram:fifo_memory_rtl_0"
Info (12133): Instantiated megafunction "loopback:loopback_inst1|GENERIC_FIFO:receive_buffer|altsyncram:fifo_memory_rtl_0" with the following parameter:
    Info (12134): Parameter "OPERATION_MODE" = "DUAL_PORT"
    Info (12134): Parameter "WIDTH_A" = "8"
    Info (12134): Parameter "WIDTHAD_A" = "10"
    Info (12134): Parameter "NUMWORDS_A" = "1024"
    Info (12134): Parameter "WIDTH_B" = "8"
    Info (12134): Parameter "WIDTHAD_B" = "10"
    Info (12134): Parameter "NUMWORDS_B" = "1024"
    Info (12134): Parameter "ADDRESS_ACLR_A" = "NONE"
    Info (12134): Parameter "OUTDATA_REG_B" = "UNREGISTERED"
    Info (12134): Parameter "ADDRESS_ACLR_B" = "NONE"
    Info (12134): Parameter "OUTDATA_ACLR_B" = "NONE"
    Info (12134): Parameter "ADDRESS_REG_B" = "CLOCK0"
    Info (12134): Parameter "INDATA_ACLR_A" = "NONE"
    Info (12134): Parameter "WRCONTROL_ACLR_A" = "NONE"
    Info (12134): Parameter "INIT_FILE" = "db/coba_uart.ram0_GENERIC_FIFO_50540cb4.hdl.mif"
Info (12021): Found 1 design units, including 1 entities, in source file db/altsyncram_kqh1.tdf
    Info (12023): Found entity 1: altsyncram_kqh1 File: D:/SourceCode/hardware/coba_uart/db/altsyncram_kqh1.tdf Line: 28
Info (286030): Timing-Driven Synthesis is running
Info (16010): Generating hard_block partition "hard_block:auto_generated_inst"
    Info (16011): Adding 0 node(s), including 0 DDIO, 0 PLL, 0 transceiver and 0 LCELL
Info (21057): Implemented 254 device resources after synthesis - the final resource count might be different
    Info (21058): Implemented 3 input pins
    Info (21059): Implemented 1 output pins
    Info (21061): Implemented 242 logic cells
    Info (21064): Implemented 8 RAM segments
Info: Quartus Prime Analysis & Synthesis was successful. 0 errors, 8 warnings
    Info: Peak virtual memory: 4828 megabytes
    Info: Processing ended: Tue Nov 16 10:42:32 2021
    Info: Elapsed time: 00:00:49
    Info: Total CPU time (on all processors): 00:00:38


